<?xml version="1.0" encoding="UTF-8"?>
<testsuite name="study.springboot.domain.posts.PostsRepositoryTest" tests="2" skipped="0" failures="0" errors="0" timestamp="2021-07-27T08:41:41" hostname="DESKTOP-RH7F2H0" time="0.183">
  <properties/>
  <testcase name="registerBaseTimeEntity()" classname="study.springboot.domain.posts.PostsRepositoryTest" time="0.173"/>
  <testcase name="importSavedContent()" classname="study.springboot.domain.posts.PostsRepositoryTest" time="0.01"/>
  <system-out><![CDATA[2021-07-27 17:41:37.809  INFO 2008 --- [    Test worker] .b.t.c.SpringBootTestContextBootstrapper : Neither @ContextConfiguration nor @ContextHierarchy found for test class [study.springboot.domain.posts.PostsRepositoryTest], using SpringBootContextLoader
2021-07-27 17:41:37.810  INFO 2008 --- [    Test worker] o.s.t.c.support.AbstractContextLoader    : Could not detect default resource locations for test class [study.springboot.domain.posts.PostsRepositoryTest]: no resource found for suffixes {-context.xml, Context.groovy}.
2021-07-27 17:41:37.810  INFO 2008 --- [    Test worker] t.c.s.AnnotationConfigContextLoaderUtils : Could not detect default configuration classes for test class [study.springboot.domain.posts.PostsRepositoryTest]: PostsRepositoryTest does not declare any static, non-private, non-final, nested classes annotated with @Configuration.
2021-07-27 17:41:37.818  INFO 2008 --- [    Test worker] .b.t.c.SpringBootTestContextBootstrapper : Found @SpringBootConfiguration study.springboot.Application for test class study.springboot.domain.posts.PostsRepositoryTest
2021-07-27 17:41:37.823  INFO 2008 --- [    Test worker] .b.t.c.SpringBootTestContextBootstrapper : Loaded default TestExecutionListener class names from location [META-INF/spring.factories]: [org.springframework.security.test.context.support.WithSecurityContextTestExecutionListener, org.springframework.security.test.context.support.ReactorContextTestExecutionListener, org.springframework.boot.test.autoconfigure.restdocs.RestDocsTestExecutionListener, org.springframework.boot.test.autoconfigure.web.client.MockRestServiceServerResetTestExecutionListener, org.springframework.boot.test.autoconfigure.web.servlet.MockMvcPrintOnlyOnFailureTestExecutionListener, org.springframework.boot.test.autoconfigure.web.servlet.WebDriverTestExecutionListener, org.springframework.boot.test.autoconfigure.webservices.client.MockWebServiceServerTestExecutionListener, org.springframework.boot.test.mock.mockito.MockitoTestExecutionListener, org.springframework.boot.test.mock.mockito.ResetMocksTestExecutionListener, org.springframework.test.context.web.ServletTestExecutionListener, org.springframework.test.context.support.DirtiesContextBeforeModesTestExecutionListener, org.springframework.test.context.support.DependencyInjectionTestExecutionListener, org.springframework.test.context.support.DirtiesContextTestExecutionListener, org.springframework.test.context.transaction.TransactionalTestExecutionListener, org.springframework.test.context.jdbc.SqlScriptsTestExecutionListener, org.springframework.test.context.event.EventPublishingTestExecutionListener]
2021-07-27 17:41:37.824  INFO 2008 --- [    Test worker] .b.t.c.SpringBootTestContextBootstrapper : Using TestExecutionListeners: [org.springframework.test.context.web.ServletTestExecutionListener@398466b4, org.springframework.test.context.support.DirtiesContextBeforeModesTestExecutionListener@1ed6ff6c, org.springframework.boot.test.mock.mockito.MockitoTestExecutionListener@60e6636c, org.springframework.boot.test.autoconfigure.SpringBootDependencyInjectionTestExecutionListener@1ecbc198, org.springframework.test.context.support.DirtiesContextTestExecutionListener@460b533, org.springframework.test.context.transaction.TransactionalTestExecutionListener@2de4074c, org.springframework.test.context.jdbc.SqlScriptsTestExecutionListener@7e4aec9f, org.springframework.security.test.context.support.WithSecurityContextTestExecutionListener@3ecd35cf, org.springframework.test.context.event.EventPublishingTestExecutionListener@3f05c608, org.springframework.security.test.context.support.ReactorContextTestExecutionListener@325668c3, org.springframework.boot.test.autoconfigure.restdocs.RestDocsTestExecutionListener@1bd15402, org.springframework.boot.test.autoconfigure.web.client.MockRestServiceServerResetTestExecutionListener@4c6569fa, org.springframework.boot.test.autoconfigure.web.servlet.MockMvcPrintOnlyOnFailureTestExecutionListener@5dc1d3f8, org.springframework.boot.test.autoconfigure.web.servlet.WebDriverTestExecutionListener@5c50a8f3, org.springframework.boot.test.autoconfigure.webservices.client.MockWebServiceServerTestExecutionListener@4d30963f, org.springframework.boot.test.mock.mockito.ResetMocksTestExecutionListener@2a7d0cda]

  .   ____          _            __ _ _
 /\\ / ___'_ __ _ _(_)_ __  __ _ \ \ \ \
( ( )\___ | '_ | '_| | '_ \/ _` | \ \ \ \
 \\/  ___)| |_)| | | | | || (_| |  ) ) ) )
  '  |____| .__|_| |_|_| |_\__, | / / / /
 =========|_|==============|___/=/_/_/_/
 :: Spring Boot ::                (v2.4.1)

2021-07-27 17:41:37.849  INFO 2008 --- [    Test worker] s.s.domain.posts.PostsRepositoryTest     : Starting PostsRepositoryTest using Java 1.8.0_291 on DESKTOP-RH7F2H0 with PID 2008 (started by Wookmawang in C:\Users\Wookmawang\IdeaProjects\springboot)
2021-07-27 17:41:37.849  INFO 2008 --- [    Test worker] s.s.domain.posts.PostsRepositoryTest     : No active profile set, falling back to default profiles: default
2021-07-27 17:41:38.176  INFO 2008 --- [    Test worker] .s.d.r.c.RepositoryConfigurationDelegate : Bootstrapping Spring Data JPA repositories in DEFAULT mode.
2021-07-27 17:41:38.230  INFO 2008 --- [    Test worker] .s.d.r.c.RepositoryConfigurationDelegate : Finished Spring Data repository scanning in 48 ms. Found 2 JPA repository interfaces.
2021-07-27 17:41:38.570  INFO 2008 --- [    Test worker] com.zaxxer.hikari.HikariDataSource       : HikariPool-1 - Starting...
2021-07-27 17:41:38.742  INFO 2008 --- [    Test worker] com.zaxxer.hikari.HikariDataSource       : HikariPool-1 - Start completed.
2021-07-27 17:41:38.818  INFO 2008 --- [    Test worker] o.hibernate.jpa.internal.util.LogHelper  : HHH000204: Processing PersistenceUnitInfo [name: default]
2021-07-27 17:41:38.885  INFO 2008 --- [    Test worker] org.hibernate.Version                    : HHH000412: Hibernate ORM core version 5.4.25.Final
2021-07-27 17:41:38.942  INFO 2008 --- [    Test worker] o.hibernate.annotations.common.Version   : HCANN000001: Hibernate Commons Annotations {5.1.2.Final}
2021-07-27 17:41:39.067  INFO 2008 --- [    Test worker] org.hibernate.dialect.Dialect            : HHH000400: Using dialect: org.hibernate.dialect.MySQL57Dialect
Hibernate: drop table if exists posts
Hibernate: drop table if exists user
Hibernate: create table posts (id bigint not null auto_increment, created_date datetime(6), modified_date datetime(6), author varchar(255), content TEXT not null, title varchar(500) not null, primary key (id)) engine=InnoDB
Hibernate: create table user (id bigint not null auto_increment, created_date datetime(6), modified_date datetime(6), email varchar(255) not null, name varchar(255) not null, picture varchar(255), role varchar(255) not null, primary key (id)) engine=InnoDB
2021-07-27 17:41:39.754  INFO 2008 --- [    Test worker] o.h.e.t.j.p.i.JtaPlatformInitiator       : HHH000490: Using JtaPlatform implementation: [org.hibernate.engine.transaction.jta.platform.internal.NoJtaPlatform]
2021-07-27 17:41:39.762  INFO 2008 --- [    Test worker] j.LocalContainerEntityManagerFactoryBean : Initialized JPA EntityManagerFactory for persistence unit 'default'
2021-07-27 17:41:40.143  WARN 2008 --- [    Test worker] JpaBaseConfiguration$JpaWebConfiguration : spring.jpa.open-in-view is enabled by default. Therefore, database queries may be performed during view rendering. Explicitly configure spring.jpa.open-in-view to disable this warning
2021-07-27 17:41:40.473  INFO 2008 --- [    Test worker] o.s.s.web.DefaultSecurityFilterChain     : Will secure any request with [org.springframework.security.web.context.request.async.WebAsyncManagerIntegrationFilter@32a5d5fa, org.springframework.security.web.context.SecurityContextPersistenceFilter@64e70314, org.springframework.security.web.header.HeaderWriterFilter@2fe02faf, org.springframework.security.web.authentication.logout.LogoutFilter@7795a9db, org.springframework.security.oauth2.client.web.OAuth2AuthorizationRequestRedirectFilter@7e70bc5e, org.springframework.security.oauth2.client.web.OAuth2LoginAuthenticationFilter@7f117a2f, org.springframework.security.web.authentication.ui.DefaultLoginPageGeneratingFilter@f030d49, org.springframework.security.web.authentication.ui.DefaultLogoutPageGeneratingFilter@2e7ee65d, org.springframework.security.web.savedrequest.RequestCacheAwareFilter@3f436a53, org.springframework.security.web.servletapi.SecurityContextHolderAwareRequestFilter@1170b743, org.springframework.security.web.authentication.AnonymousAuthenticationFilter@55973d80, org.springframework.security.web.session.SessionManagementFilter@c825df1, org.springframework.security.web.access.ExceptionTranslationFilter@33ed0251, org.springframework.security.web.access.intercept.FilterSecurityInterceptor@5cb2296e]
2021-07-27 17:41:40.669  INFO 2008 --- [    Test worker] o.s.s.concurrent.ThreadPoolTaskExecutor  : Initializing ExecutorService 'applicationTaskExecutor'
2021-07-27 17:41:40.683  INFO 2008 --- [    Test worker] o.s.b.a.h2.H2ConsoleAutoConfiguration    : H2 console available at '/h2-console'. Database available at 'jdbc:h2:mem:testdb'
2021-07-27 17:41:40.705  INFO 2008 --- [    Test worker] o.s.b.a.w.s.WelcomePageHandlerMapping    : Adding welcome page template: index
2021-07-27 17:41:41.024  INFO 2008 --- [    Test worker] s.a.ScheduledAnnotationBeanPostProcessor : No TaskScheduler/ScheduledExecutorService bean found for scheduled processing
2021-07-27 17:41:41.031  INFO 2008 --- [    Test worker] s.s.domain.posts.PostsRepositoryTest     : Started PostsRepositoryTest in 3.205 seconds (JVM running for 6.575)
Hibernate: insert into posts (created_date, modified_date, author, content, title) values (?, ?, ?, ?, ?)
Hibernate: select posts0_.id as id1_0_, posts0_.created_date as created_2_0_, posts0_.modified_date as modified3_0_, posts0_.author as author4_0_, posts0_.content as content5_0_, posts0_.title as title6_0_ from posts posts0_
>>>>>>>>> createDate=2021-07-27T17:41:41.067, modifiedDate=2021-07-27T17:41:41.067
Hibernate: select posts0_.id as id1_0_, posts0_.created_date as created_2_0_, posts0_.modified_date as modified3_0_, posts0_.author as author4_0_, posts0_.content as content5_0_, posts0_.title as title6_0_ from posts posts0_
Hibernate: delete from posts where id=?
Hibernate: insert into posts (created_date, modified_date, author, content, title) values (?, ?, ?, ?, ?)
Hibernate: select posts0_.id as id1_0_, posts0_.created_date as created_2_0_, posts0_.modified_date as modified3_0_, posts0_.author as author4_0_, posts0_.content as content5_0_, posts0_.title as title6_0_ from posts posts0_
Hibernate: select posts0_.id as id1_0_, posts0_.created_date as created_2_0_, posts0_.modified_date as modified3_0_, posts0_.author as author4_0_, posts0_.content as content5_0_, posts0_.title as title6_0_ from posts posts0_
Hibernate: delete from posts where id=?
]]></system-out>
  <system-err><![CDATA[]]></system-err>
</testsuite>
